# JRE version: OpenJDK Runtime Environment (8.0_152-b15) (build 1.8.0_152-release-1024-b15)
# Java VM: OpenJDK 64-Bit Server VM (25.152-b15 mixed mode linux-amd64 compressed oops)
Heap:
 par new generation   total 118016K, used 87218K [0x0000000083000000, 0x000000008b000000, 0x000000008b000000)
  eden space 104960K,  79% used [0x0000000083000000, 0x00000000881a2428, 0x0000000089680000)
  from space 13056K,  27% used [0x0000000089680000, 0x0000000089a0a718, 0x000000008a340000)
  to   space 13056K,   0% used [0x000000008a340000, 0x000000008a340000, 0x000000008b000000)
 concurrent mark-sweep generation total 289624K, used 235781K [0x000000008b000000, 0x000000009cad6000, 0x0000000100000000)
 Metaspace       used 166609K, capacity 176740K, committed 176900K, reserved 1202176K
  class space    used 21860K, capacity 23735K, committed 23816K, reserved 1048576K
GC Heap History (10 events):
Event: 484.073 GC heap before
{Heap before GC invocations=25 (full 4):
 par new generation   total 118016K, used 118016K [0x0000000083000000, 0x000000008b000000, 0x000000008b000000)
  eden space 104960K, 100% used [0x0000000083000000, 0x0000000089680000, 0x0000000089680000)
  from space 13056K, 100% used [0x000000008a340000, 0x000000008b000000, 0x000000008b000000)
  to   space 13056K,   0% used [0x0000000089680000, 0x0000000089680000, 0x000000008a340000)
 concurrent mark-sweep generation total 289624K, used 226998K [0x000000008b000000, 0x000000009cad6000, 0x0000000100000000)
 Metaspace       used 162692K, capacity 171904K, committed 172036K, reserved 1198080K
  class space    used 21488K, capacity 23239K, committed 23304K, reserved 1048576K
Event: 484.088 GC heap after
Heap after GC invocations=26 (full 4):
 par new generation   total 118016K, used 13056K [0x0000000083000000, 0x000000008b000000, 0x000000008b000000)
  eden space 104960K,   0% used [0x0000000083000000, 0x0000000083000000, 0x0000000089680000)
  from space 13056K, 100% used [0x0000000089680000, 0x000000008a340000, 0x000000008a340000)
  to   space 13056K,   0% used [0x000000008a340000, 0x000000008a340000, 0x000000008b000000)
 concurrent mark-sweep generation total 289624K, used 230454K [0x000000008b000000, 0x000000009cad6000, 0x0000000100000000)
 Metaspace       used 162692K, capacity 171904K, committed 172036K, reserved 1198080K
  class space    used 21488K, capacity 23239K, committed 23304K, reserved 1048576K
}
Event: 516.082 GC heap before
{Heap before GC invocations=26 (full 4):
 par new generation   total 118016K, used 118016K [0x0000000083000000, 0x000000008b000000, 0x000000008b000000)
  eden space 104960K, 100% used [0x0000000083000000, 0x0000000089680000, 0x0000000089680000)
  from space 13056K, 100% used [0x0000000089680000, 0x000000008a340000, 0x000000008a340000)
  to   space 13056K,   0% used [0x000000008a340000, 0x000000008a340000, 0x000000008b000000)
 concurrent mark-sweep generation total 289624K, used 230454K [0x000000008b000000, 0x000000009cad6000, 0x0000000100000000)
 Metaspace       used 165253K, capacity 174802K, committed 174852K, reserved 1200128K
  class space    used 21751K, capacity 23546K, committed 23560K, reserved 1048576K
Event: 516.092 GC heap after
Heap after GC invocations=27 (full 4):
 par new generation   total 118016K, used 9779K [0x0000000083000000, 0x000000008b000000, 0x000000008b000000)
  eden space 104960K,   0% used [0x0000000083000000, 0x0000000083000000, 0x0000000089680000)
  from space 13056K,  74% used [0x000000008a340000, 0x000000008acccdf0, 0x000000008b000000)
  to   space 13056K,   0% used [0x0000000089680000, 0x0000000089680000, 0x000000008a340000)
 concurrent mark-sweep generation total 289624K, used 235781K [0x000000008b000000, 0x000000009cad6000, 0x0000000100000000)
 Metaspace       used 165253K, capacity 174802K, committed 174852K, reserved 1200128K
  class space    used 21751K, capacity 23546K, committed 23560K, reserved 1048576K
}
Event: 923.865 GC heap before
{Heap before GC invocations=27 (full 4):
 par new generation   total 118016K, used 114739K [0x0000000083000000, 0x000000008b000000, 0x000000008b000000)
  eden space 104960K, 100% used [0x0000000083000000, 0x0000000089680000, 0x0000000089680000)
  from space 13056K,  74% used [0x000000008a340000, 0x000000008acccdf0, 0x000000008b000000)
  to   space 13056K,   0% used [0x0000000089680000, 0x0000000089680000, 0x000000008a340000)
 concurrent mark-sweep generation total 289624K, used 235781K [0x000000008b000000, 0x000000009cad6000, 0x0000000100000000)
 Metaspace       used 165446K, capacity 174954K, committed 175108K, reserved 1200128K
  class space    used 21755K, capacity 23548K, committed 23560K, reserved 1048576K
Event: 923.872 GC heap after
Heap after GC invocations=28 (full 4):
 par new generation   total 118016K, used 3758K [0x0000000083000000, 0x000000008b000000, 0x000000008b000000)
  eden space 104960K,   0% used [0x0000000083000000, 0x0000000083000000, 0x0000000089680000)
  from space 13056K,  28% used [0x0000000089680000, 0x0000000089a2b978, 0x000000008a340000)
  to   space 13056K,   0% used [0x000000008a340000, 0x000000008a340000, 0x000000008b000000)
 concurrent mark-sweep generation total 289624K, used 235781K [0x000000008b000000, 0x000000009cad6000, 0x0000000100000000)
 Metaspace       used 165446K, capacity 174954K, committed 175108K, reserved 1200128K
  class space    used 21755K, capacity 23548K, committed 23560K, reserved 1048576K
}
Event: 1391.870 GC heap before
{Heap before GC invocations=28 (full 4):
 par new generation   total 118016K, used 108718K [0x0000000083000000, 0x000000008b000000, 0x000000008b000000)
  eden space 104960K, 100% used [0x0000000083000000, 0x0000000089680000, 0x0000000089680000)
  from space 13056K,  28% used [0x0000000089680000, 0x0000000089a2b978, 0x000000008a340000)
  to   space 13056K,   0% used [0x000000008a340000, 0x000000008a340000, 0x000000008b000000)
 concurrent mark-sweep generation total 289624K, used 235781K [0x000000008b000000, 0x000000009cad6000, 0x0000000100000000)
 Metaspace       used 165460K, capacity 174958K, committed 175108K, reserved 1200128K
  class space    used 21755K, capacity 23548K, committed 23560K, reserved 1048576K
Event: 1391.877 GC heap after
Heap after GC invocations=29 (full 4):
 par new generation   total 118016K, used 3948K [0x0000000083000000, 0x000000008b000000, 0x000000008b000000)
  eden space 104960K,   0% used [0x0000000083000000, 0x0000000083000000, 0x0000000089680000)
  from space 13056K,  30% used [0x000000008a340000, 0x000000008a71b380, 0x000000008b000000)
  to   space 13056K,   0% used [0x0000000089680000, 0x0000000089680000, 0x000000008a340000)
 concurrent mark-sweep generation total 289624K, used 235781K [0x000000008b000000, 0x000000009cad6000, 0x0000000100000000)
 Metaspace       used 165460K, capacity 174958K, committed 175108K, reserved 1200128K
  class space    used 21755K, capacity 23548K, committed 23560K, reserved 1048576K
}
Event: 3008.119 GC heap before
{Heap before GC invocations=29 (full 4):
 par new generation   total 118016K, used 108908K [0x0000000083000000, 0x000000008b000000, 0x000000008b000000)
  eden space 104960K, 100% used [0x0000000083000000, 0x0000000089680000, 0x0000000089680000)
  from space 13056K,  30% used [0x000000008a340000, 0x000000008a71b380, 0x000000008b000000)
  to   space 13056K,   0% used [0x0000000089680000, 0x0000000089680000, 0x000000008a340000)
 concurrent mark-sweep generation total 289624K, used 235781K [0x000000008b000000, 0x000000009cad6000, 0x0000000100000000)
 Metaspace       used 166019K, capacity 175804K, committed 176004K, reserved 1202176K
  class space    used 21781K, capacity 23591K, committed 23688K, reserved 1048576K
Event: 3008.128 GC heap after
Heap after GC invocations=30 (full 4):
 par new generation   total 118016K, used 3625K [0x0000000083000000, 0x000000008b000000, 0x000000008b000000)
  eden space 104960K,   0% used [0x0000000083000000, 0x0000000083000000, 0x0000000089680000)
  from space 13056K,  27% used [0x0000000089680000, 0x0000000089a0a718, 0x000000008a340000)
  to   space 13056K,   0% used [0x000000008a340000, 0x000000008a340000, 0x000000008b000000)
 concurrent mark-sweep generation total 289624K, used 235781K [0x000000008b000000, 0x000000009cad6000, 0x0000000100000000)
 Metaspace       used 166019K, capacity 175804K, committed 176004K, reserved 1202176K
  class space    used 21781K, capacity 23591K, committed 23688K, reserved 1048576K
}

